This is TeX, Version 3.14159 (Web2C 7.4.5) (format=latex 2004.8.12)  30 NOV 2013 17:48
**thesis
(./thesis.tex
LaTeX2e <2001/06/01>
Babel <v3.7h> and hyphenation patterns for american, french, german, ngerman, n
ohyphenation, loaded.
(/opt/local/teTeX/share/texmf/tex/latex/base/report.cls
Document Class: report 2001/04/21 v1.4e Standard LaTeX document class
(/opt/local/teTeX/share/texmf/tex/latex/base/leqno.clo
File: leqno.clo 1998/08/17 v1.1c Standard LaTeX option (left equation numbers)
)
(/opt/local/teTeX/share/texmf/tex/latex/base/size10.clo
File: size10.clo 2001/04/21 v1.4e Standard LaTeX file (size option)
)
\c@part=\count79
\c@chapter=\count80
\c@section=\count81
\c@subsection=\count82
\c@subsubsection=\count83
\c@paragraph=\count84
\c@subparagraph=\count85
\c@figure=\count86
\c@table=\count87
\abovecaptionskip=\skip41
\belowcaptionskip=\skip42
\bibindent=\dimen102
)
(/opt/local/teTeX/share/texmf/tex/latex/amscls/amsthm.sty
Package: amsthm 2000/10/26 v2.08
\thm@style=\toks14
\thm@bodyfont=\toks15
\thm@headfont=\toks16
\thm@notefont=\toks17
\thm@headpunct=\toks18
\thm@preskip=\skip43
\thm@postskip=\skip44
\thm@headsep=\skip45
\dth@everypar=\toks19
)
(/opt/local/teTeX/share/texmf/tex/latex/amsfonts/amssymb.sty
Package: amssymb 2002/01/22 v2.2d

(/opt/local/teTeX/share/texmf/tex/latex/amsfonts/amsfonts.sty
Package: amsfonts 2001/10/25 v2.2f
\@emptytoks=\toks20
\symAMSa=\mathgroup4
\symAMSb=\mathgroup5
LaTeX Font Info:    Overwriting math alphabet `\mathfrak' in version `bold'
(Font)                  U/euf/m/n --> U/euf/b/n on input line 132.
))
(/opt/local/teTeX/share/texmf/tex/latex/amsmath/amsxtra.sty
Package: amsxtra 1999/11/15 v1.2c

(/opt/local/teTeX/share/texmf/tex/latex/amsmath/amsmath.sty
Package: amsmath 2000/07/18 v2.13 AMS math features
\@mathmargin=\skip46

For additional information on amsmath, use the `?' option.
(/opt/local/teTeX/share/texmf/tex/latex/amsmath/amstext.sty
Package: amstext 2000/06/29 v2.01

(/opt/local/teTeX/share/texmf/tex/latex/amsmath/amsgen.sty
File: amsgen.sty 1999/11/30 v2.0
\@emptytoks=\toks21
\ex@=\dimen103
))
(/opt/local/teTeX/share/texmf/tex/latex/amsmath/amsbsy.sty
Package: amsbsy 1999/11/29 v1.2d
\pmbraise@=\dimen104
)
(/opt/local/teTeX/share/texmf/tex/latex/amsmath/amsopn.sty
Package: amsopn 1999/12/14 v2.01 operator names
)
\inf@bad=\count88
LaTeX Info: Redefining \frac on input line 211.
\uproot@=\count89
\leftroot@=\count90
LaTeX Info: Redefining \overline on input line 307.
\classnum@=\count91
\DOTSCASE@=\count92
LaTeX Info: Redefining \ldots on input line 379.
LaTeX Info: Redefining \dots on input line 382.
LaTeX Info: Redefining \cdots on input line 467.
\Mathstrutbox@=\box26
\strutbox@=\box27
\big@size=\dimen105
LaTeX Font Info:    Redeclaring font encoding OML on input line 567.
LaTeX Font Info:    Redeclaring font encoding OMS on input line 568.
\macc@depth=\count93
\c@MaxMatrixCols=\count94
\dotsspace@=\muskip10
\c@parentequation=\count95
\dspbrk@lvl=\count96
\tag@help=\toks22
\row@=\count97
\column@=\count98
\maxfields@=\count99
\andhelp@=\toks23
\eqnshift@=\dimen106
\alignsep@=\dimen107
\tagshift@=\dimen108
\tagwidth@=\dimen109
\totwidth@=\dimen110
\lineht@=\dimen111
\@envbody=\toks24
\multlinegap=\skip47
\multlinetaggap=\skip48
\mathdisplay@stack=\toks25
LaTeX Info: Redefining \[ on input line 2666.
LaTeX Info: Redefining \] on input line 2667.
)
LaTeX Info: Redefining \nobreakspace on input line 77.
) (./rac.sty
 
Substyle `rac' for Rackham dissertation.
The sample files are in '/usr/um/lib/tex/doc/local/rac'.
 
\c@anything=\count100
\c@map=\count101
\c@appendix=\count102
) (./dbl12.sty) (/opt/local/teTeX/share/texmf/tex/latex/graphics/epsfig.sty
Package: epsfig 1999/02/16 v1.7a (e)psfig emulation (SPQR)

(/opt/local/teTeX/share/texmf/tex/latex/graphics/graphicx.sty
Package: graphicx 1999/02/16 v1.0f Enhanced LaTeX Graphics (DPC,SPQR)

(/opt/local/teTeX/share/texmf/tex/latex/graphics/keyval.sty
Package: keyval 1999/03/16 v1.13 key=value parser (DPC)
\KV@toks@=\toks26
)
(/opt/local/teTeX/share/texmf/tex/latex/graphics/graphics.sty
Package: graphics 2001/07/07 v1.0n Standard LaTeX Graphics (DPC,SPQR)

(/opt/local/teTeX/share/texmf/tex/latex/graphics/trig.sty
Package: trig 1999/03/16 v1.09 sin cos tan (DPC)
)
(/opt/local/teTeX/share/texmf/tex/latex/config/graphics.cfg
File: graphics.cfg 2001/08/31 v1.1 graphics configuration of teTeX/TeXLive
)
Package graphics Info: Driver file: dvips.def on input line 80.

(/opt/local/teTeX/share/texmf/tex/latex/graphics/dvips.def
File: dvips.def 1999/02/16 v3.0i Driver-dependant file (DPC,SPQR)
))
\Gin@req@height=\dimen112
\Gin@req@width=\dimen113
)
\epsfxsize=\dimen114
\epsfysize=\dimen115
)
(/opt/local/teTeX/share/texmf/tex/latex/tools/verbatim.sty
Package: verbatim 2001/03/12 v1.5p LaTeX2e package for verbatim enhancements
\every@verbatim=\toks27
\verbatim@line=\toks28
\verbatim@in@stream=\read1
)
(/opt/local/teTeX/share/texmf-local/tex/latex/latex2html/url.sty
Package: url 1996/02/06  ver 1.1  Verb mode for urls, email addresses, and file
 names
) (./doi.sty
Package: doi 2007/07/24 handle doi numbers

(/opt/local/teTeX/share/texmf/tex/latex/hyperref/hyperref.sty
Package: hyperref 2003/01/22 v6.73n Hypertext links for LaTeX
\@linkdim=\dimen116
\Hy@linkcounter=\count103
\Hy@pagecounter=\count104

(/opt/local/teTeX/share/texmf/tex/latex/hyperref/pd1enc.def
File: pd1enc.def 2003/01/22 v6.73n Hyperref: PDFDocEncoding definition (HO)
)
(/opt/local/teTeX/share/texmf/tex/latex/config/hyperref.cfg
File: hyperref.cfg 2002/06/06 v1.2 hyperref configuration of TeXLive and teTeX
)
Package hyperref Info: Hyper figures OFF on input line 1792.
Package hyperref Info: Link nesting OFF on input line 1797.
Package hyperref Info: Hyper index ON on input line 1800.
Package hyperref Info: Plain pages ON on input line 1805.
Package hyperref Info: Backreferencing OFF on input line 1812.

Implicit mode ON; LaTeX internals redefined
Package hyperref Info: Bookmarks ON on input line 1916.
LaTeX Info: Redefining \url on input line 2055.
\Fld@menulength=\count105
\Field@Width=\dimen117
\Fld@charsize=\dimen118
\Choice@toks=\toks29
\Field@toks=\toks30
Package hyperref Info: Hyper figures OFF on input line 2513.
Package hyperref Info: Link nesting OFF on input line 2518.
Package hyperref Info: Hyper index ON on input line 2521.
Package hyperref Info: backreferencing OFF on input line 2528.
Package hyperref Info: Link coloring OFF on input line 2533.
\c@Item=\count106
\c@Hfootnote=\count107
)
*hyperref using default driver hdvips*
(/opt/local/teTeX/share/texmf/tex/latex/hyperref/hdvips.def
File: hdvips.def 2003/01/22 v6.73n Hyperref driver for dvips

(/opt/local/teTeX/share/texmf/tex/latex/hyperref/pdfmark.def
File: pdfmark.def 2003/01/22 v6.73n Hyperref definitions for pdfmark specials
\pdf@docset=\toks31
\pdf@box=\box28
\pdf@toks=\toks32
\pdf@defaulttoks=\toks33
\Fld@listcount=\count108
\@outlinefile=\write3
)))
(/opt/local/teTeX/share/texmf/tex/latex/cite/cite.sty
Package: cite 2001/10/14  v 3.9
)
\c@theorem=\count109

\@input{header.aux}
\openout2 = `header.aux'.

No file header.tex.
(./thesis.aux)
\openout1 = `thesis.aux'.

LaTeX Font Info:    Checking defaults for OML/cmm/m/it on input line 77.
LaTeX Font Info:    ... okay on input line 77.
LaTeX Font Info:    Checking defaults for T1/cmr/m/n on input line 77.
LaTeX Font Info:    ... okay on input line 77.
LaTeX Font Info:    Checking defaults for OT1/cmr/m/n on input line 77.
LaTeX Font Info:    ... okay on input line 77.
LaTeX Font Info:    Checking defaults for OMS/cmsy/m/n on input line 77.
LaTeX Font Info:    ... okay on input line 77.
LaTeX Font Info:    Checking defaults for OMX/cmex/m/n on input line 77.
LaTeX Font Info:    ... okay on input line 77.
LaTeX Font Info:    Checking defaults for U/cmr/m/n on input line 77.
LaTeX Font Info:    ... okay on input line 77.
LaTeX Font Info:    Checking defaults for PD1/pdf/m/n on input line 77.
LaTeX Font Info:    ... okay on input line 77.
Package hyperref Info: Link coloring OFF on input line 77.
 (/opt/local/teTeX/share/texmf/tex/latex/hyperref/nameref.sty
Package: nameref 2001/01/27 v2.19 Cross-referencing by name of section
\c@section@level=\count110
)
LaTeX Info: Redefining \ref on input line 77.
LaTeX Info: Redefining \pageref on input line 77.

(./thesis.out) (./thesis.out)
\openout3 = `thesis.out'.

LaTeX Font Info:    Try loading font information for U+msa on input line 95.

(/opt/local/teTeX/share/texmf/tex/latex/amsfonts/umsa.fd
File: umsa.fd 2002/01/19 v2.2g AMS font definitions
)
LaTeX Font Info:    Try loading font information for U+msb on input line 95.

(/opt/local/teTeX/share/texmf/tex/latex/amsfonts/umsb.fd
File: umsb.fd 2002/01/19 v2.2g AMS font definitions
)
Underfull \hbox (badness 10000) in paragraph at lines 95--96

 []


Underfull \hbox (badness 10000) in paragraph at lines 95--96

 []

[1



]
LaTeX Font Info:    Try loading font information for OMS+cmr on input line 103.

 (/opt/local/teTeX/share/texmf/tex/latex/base/omscmr.fd
File: omscmr.fd 1999/05/25 v2.5h Standard LaTeX font definitions
)
LaTeX Font Info:    Font shape `OMS/cmr/m/n' in size <12> not available
(Font)              Font shape `OMS/cmsy/m/n' tried instead on input line 103.
 [1]

Package hyperref Warning: No destination for bookmark of \addcontentsline,
(hyperref)                destination is added on input line 111.

[2] [3] (./thesis.toc [4] [5])
\tf@toc=\write4
\openout4 = `thesis.toc'.

 [6] (./thesis.lof
Underfull \hbox (badness 10000) in paragraph at lines 1--2

 []


Overfull \hbox (2938.75732pt too wide) in paragraph at lines 2--2
 [][] [] []  
 []


Overfull \hbox (1609.7535pt too wide) in paragraph at lines 3--3
 [][] [] []  
 []


Overfull \hbox (1515.42007pt too wide) in paragraph at lines 4--4
 [][] [] []  
 []


Overfull \hbox (1532.83679pt too wide) in paragraph at lines 5--5
 [][] [] []  
 []


Overfull \hbox (843.30783pt too wide) in paragraph at lines 6--6
 [][] [] []  
 []


Overfull \hbox (1766.26537pt too wide) in paragraph at lines 7--7
 [][] [] []  
 []


Overfull \hbox (2721.50555pt too wide) in paragraph at lines 8--8
 [][] [] []  
 []


Overfull \hbox (1165.03043pt too wide) in paragraph at lines 9--9
 [][] [] []  
 []


Overfull \hbox (1362.01451pt too wide) in paragraph at lines 10--10
 [][] [] []  
 []


Overfull \hbox (1457.62332pt too wide) in paragraph at lines 11--11
 [][] [] []  
 []


Overfull \hbox (128.72694pt too wide) in paragraph at lines 12--12
 [][] [] []  
 []


Overfull \hbox (482.80833pt too wide) in paragraph at lines 13--13
 [][] [] []  
 []


Overfull \hbox (421.18474pt too wide) in paragraph at lines 14--14
 [][] [] []  
 []


Overfull \hbox (1003.54451pt too wide) in paragraph at lines 15--15
 [][] [] []  
 []


Overfull \hbox (638.72708pt too wide) in paragraph at lines 16--16
 [][] [] []  
 []

)
\tf@lof=\write5
\openout5 = `thesis.lof'.

 [7]
CHAPTER I.

Package hyperref Warning: bookmark level for unknown chap defaults to 0.


Package hyperref Warning: Token not allowed in a PDFDocEncoded string,
(hyperref)                removing `\<def>-command' on input line 135.


Package hyperref Warning: Token not allowed in a PDFDocEncoded string,
(hyperref)                removing `\f@encoding' on input line 135.


Package hyperref Warning: Token not allowed in a PDFDocEncoded string,
(hyperref)                removing `\<let>-command' on input line 135.


Package hyperref Warning: Token not allowed in a PDFDocEncoded string,
(hyperref)                removing `\<def>-command' on input line 135.


Package hyperref Warning: Token not allowed in a PDFDocEncoded string,
(hyperref)                removing `\f@family' on input line 135.


Package hyperref Warning: Token not allowed in a PDFDocEncoded string,
(hyperref)                removing `\<def>-command' on input line 135.


Package hyperref Warning: Token not allowed in a PDFDocEncoded string,
(hyperref)                removing `\f@series' on input line 135.


Package hyperref Warning: Token not allowed in a PDFDocEncoded string,
(hyperref)                removing `\<def>-command' on input line 135.


Package hyperref Warning: Token not allowed in a PDFDocEncoded string,
(hyperref)                removing `\f@shape' on input line 135.


Package hyperref Warning: Token not allowed in a PDFDocEncoded string,
(hyperref)                removing `\<def>-command' on input line 135.


Package hyperref Warning: Token not allowed in a PDFDocEncoded string,
(hyperref)                removing `\font@name' on input line 135.


Package hyperref Warning: Token not allowed in a PDFDocEncoded string,
(hyperref)                removing `\OT1/cmr/m/n/10' on input line 135.


Package hyperref Warning: Token not allowed in a PDFDocEncoded string,
(hyperref)                removing `\ignorespaces' on input line 135.

(./intro.tex [1


] [2] [3] [4] [5] [6] [7]

LaTeX Warning: Citation `Farr2010' on page 8 undefined on input line 61.

[8] [9]
Overfull \hbox (2.58923pt too wide) in paragraph at lines 117--118
 \OT1/cmr/bx/n/10 De-tec-tor char-ac-ter-i-za-tion  [] \OT1/cmr/m/n/12 DetChar 
meth-ods: omega scans, line hunt-ing and glitches 
 []

[10]) [11]
CHAPTER II.

Package hyperref Warning: bookmark level for unknown chap defaults to 0.


Package hyperref Warning: Token not allowed in a PDFDocEncoded string,
(hyperref)                removing `\<def>-command' on input line 143.


Package hyperref Warning: Token not allowed in a PDFDocEncoded string,
(hyperref)                removing `\f@encoding' on input line 143.


Package hyperref Warning: Token not allowed in a PDFDocEncoded string,
(hyperref)                removing `\<let>-command' on input line 143.


Package hyperref Warning: Token not allowed in a PDFDocEncoded string,
(hyperref)                removing `\<def>-command' on input line 143.


Package hyperref Warning: Token not allowed in a PDFDocEncoded string,
(hyperref)                removing `\f@family' on input line 143.


Package hyperref Warning: Token not allowed in a PDFDocEncoded string,
(hyperref)                removing `\<def>-command' on input line 143.


Package hyperref Warning: Token not allowed in a PDFDocEncoded string,
(hyperref)                removing `\f@series' on input line 143.


Package hyperref Warning: Token not allowed in a PDFDocEncoded string,
(hyperref)                removing `\<def>-command' on input line 143.


Package hyperref Warning: Token not allowed in a PDFDocEncoded string,
(hyperref)                removing `\f@shape' on input line 143.


Package hyperref Warning: Token not allowed in a PDFDocEncoded string,
(hyperref)                removing `\<def>-command' on input line 143.


Package hyperref Warning: Token not allowed in a PDFDocEncoded string,
(hyperref)                removing `\font@name' on input line 143.


Package hyperref Warning: Token not allowed in a PDFDocEncoded string,
(hyperref)                removing `\OT1/cmr/m/n/10' on input line 143.


Package hyperref Warning: Token not allowed in a PDFDocEncoded string,
(hyperref)                removing `\ignorespaces' on input line 143.

(./chap2.tex [12

] [13] [14] [15]
Overfull \hbox (8.1875pt too wide) in paragraph at lines 100--101
[]\OT1/cmr/m/n/12 LIGO core op-tics in-clude the beam-splitter (BS) and power-r
ecycling mir-ror (PRM),
 []

[16]
File: figure1.eps Graphic file (type eps)
 <figure1.eps>
Overfull \hbox (49.88899pt too wide) detected at line 122
\OT1/cmr/m/n/10 Figure 2.1: []
 []

[17] [18] [19] [20] [21] [22] [23]
File: figure2a.eps Graphic file (type eps)
 <figure2a.eps>
File: figure2b.eps Graphic file (type eps)
 <figure2b.eps>
Overfull \hbox (49.88899pt too wide) detected at line 202
\OT1/cmr/m/n/10 Figure 2.2: []
 []

File: figure3a.eps Graphic file (type eps)
<figure3a.eps>
File: figure3b.eps Graphic file (type eps)
 <figure3b.eps>
Overfull \hbox (49.88899pt too wide) detected at line 210
\OT1/cmr/m/n/10 Figure 2.3: []
 []

File: figure4a.eps Graphic file (type eps)
<figure4a.eps>
File: figure4b.eps Graphic file (type eps)
 <figure4b.eps>
Overfull \hbox (49.88899pt too wide) detected at line 218
\OT1/cmr/m/n/10 Figure 2.4: []
 []

File: figure5a.eps Graphic file (type eps)
<figure5a.eps>
File: figure5b.eps Graphic file (type eps)
 <figure5b.eps>
Overfull \hbox (49.88899pt too wide) detected at line 226
\OT1/cmr/m/n/10 Figure 2.5: []
 []

[24] [25] [26] [27] [28] [29] [30] [31] [32] [33]
File: figure6.eps Graphic file (type eps)
 <figure6.eps>
Overfull \hbox (49.88899pt too wide) detected at line 295
\OT1/cmr/m/n/10 Figure 2.6: []
 []

File: figure7.eps Graphic file (type eps)
<figure7.eps>
Overfull \hbox (49.88899pt too wide) detected at line 303
\OT1/cmr/m/n/10 Figure 2.7: []
 []

File: figure8.eps Graphic file (type eps)
<figure8.eps>
Overfull \hbox (49.88899pt too wide) detected at line 311
\OT1/cmr/m/n/10 Figure 2.8: []
 []

File: figure9.eps Graphic file (type eps)
<figure9.eps>
Overfull \hbox (49.88899pt too wide) detected at line 324
\OT1/cmr/m/n/10 Figure 2.9: []
 []

[34] [35] [36] [37] [38]
File: figure10.eps Graphic file (type eps)
 <figure10.eps>
Overfull \hbox (54.889pt too wide) detected at line 364
\OT1/cmr/m/n/10 Figure 2.10: []
 []

[39] [40]
File: figure11.eps Graphic file (type eps)
 <figure11.eps>
Overfull \hbox (54.889pt too wide) detected at line 380
\OT1/cmr/m/n/10 Figure 2.11: []
 []

File: figure12.eps Graphic file (type eps)
<figure12.eps>
Overfull \hbox (54.889pt too wide) detected at line 388
\OT1/cmr/m/n/10 Figure 2.12: []
 []

[41] [42]
File: figure13a.eps Graphic file (type eps)
 <figure13a.eps>
File: figure13b.eps Graphic file (type eps)
 <figure13b.eps>
Overfull \hbox (54.889pt too wide) detected at line 400
\OT1/cmr/m/n/10 Figure 2.13: []
 []

[43]
File: figure14a.eps Graphic file (type eps)
 <figure14a.eps>
File: figure14b.eps Graphic file (type eps)
 <figure14b.eps>
Overfull \hbox (54.889pt too wide) detected at line 417
\OT1/cmr/m/n/10 Figure 2.14: []
 []

File: figure15a.eps Graphic file (type eps)
<figure15a.eps>
File: figure15b.eps Graphic file (type eps)
 <figure15b.eps>
Overfull \hbox (54.889pt too wide) detected at line 426
\OT1/cmr/m/n/10 Figure 2.15: []
 []

File: figure16.eps Graphic file (type eps)
<figure16.eps> [44] [45] [46] [47]
Overfull \hbox (1.82634pt too wide) in paragraph at lines 448--449
[]\OT1/cmr/m/n/12 LIGO was con-structed by the Cal-i-for-nia In-sti-tute of Tec
h-nol-ogy and Mas-sachusetts
 []

) [48]
CHAPTER III.

Package hyperref Warning: bookmark level for unknown chap defaults to 0.


Package hyperref Warning: Token not allowed in a PDFDocEncoded string,
(hyperref)                removing `\<def>-command' on input line 147.


Package hyperref Warning: Token not allowed in a PDFDocEncoded string,
(hyperref)                removing `\f@encoding' on input line 147.


Package hyperref Warning: Token not allowed in a PDFDocEncoded string,
(hyperref)                removing `\<let>-command' on input line 147.


Package hyperref Warning: Token not allowed in a PDFDocEncoded string,
(hyperref)                removing `\<def>-command' on input line 147.


Package hyperref Warning: Token not allowed in a PDFDocEncoded string,
(hyperref)                removing `\f@family' on input line 147.


Package hyperref Warning: Token not allowed in a PDFDocEncoded string,
(hyperref)                removing `\<def>-command' on input line 147.


Package hyperref Warning: Token not allowed in a PDFDocEncoded string,
(hyperref)                removing `\f@series' on input line 147.


Package hyperref Warning: Token not allowed in a PDFDocEncoded string,
(hyperref)                removing `\<def>-command' on input line 147.


Package hyperref Warning: Token not allowed in a PDFDocEncoded string,
(hyperref)                removing `\f@shape' on input line 147.


Package hyperref Warning: Token not allowed in a PDFDocEncoded string,
(hyperref)                removing `\<def>-command' on input line 147.


Package hyperref Warning: Token not allowed in a PDFDocEncoded string,
(hyperref)                removing `\font@name' on input line 147.


Package hyperref Warning: Token not allowed in a PDFDocEncoded string,
(hyperref)                removing `\OT1/cmr/m/n/10' on input line 147.


Package hyperref Warning: Token not allowed in a PDFDocEncoded string,
(hyperref)                removing `\ignorespaces' on input line 147.

(./chap3.tex [49

] [50]) [51]
CHAPTER IV.

Package hyperref Warning: bookmark level for unknown chap defaults to 0.


Package hyperref Warning: Token not allowed in a PDFDocEncoded string,
(hyperref)                removing `\<def>-command' on input line 151.


Package hyperref Warning: Token not allowed in a PDFDocEncoded string,
(hyperref)                removing `\f@encoding' on input line 151.


Package hyperref Warning: Token not allowed in a PDFDocEncoded string,
(hyperref)                removing `\<let>-command' on input line 151.


Package hyperref Warning: Token not allowed in a PDFDocEncoded string,
(hyperref)                removing `\<def>-command' on input line 151.


Package hyperref Warning: Token not allowed in a PDFDocEncoded string,
(hyperref)                removing `\f@family' on input line 151.


Package hyperref Warning: Token not allowed in a PDFDocEncoded string,
(hyperref)                removing `\<def>-command' on input line 151.


Package hyperref Warning: Token not allowed in a PDFDocEncoded string,
(hyperref)                removing `\f@series' on input line 151.


Package hyperref Warning: Token not allowed in a PDFDocEncoded string,
(hyperref)                removing `\<def>-command' on input line 151.


Package hyperref Warning: Token not allowed in a PDFDocEncoded string,
(hyperref)                removing `\f@shape' on input line 151.


Package hyperref Warning: Token not allowed in a PDFDocEncoded string,
(hyperref)                removing `\<def>-command' on input line 151.


Package hyperref Warning: Token not allowed in a PDFDocEncoded string,
(hyperref)                removing `\font@name' on input line 151.


Package hyperref Warning: Token not allowed in a PDFDocEncoded string,
(hyperref)                removing `\OT1/cmr/m/n/10' on input line 151.


Package hyperref Warning: Token not allowed in a PDFDocEncoded string,
(hyperref)                removing `\ignorespaces' on input line 151.

(./chap4.tex [52

]) [53]
CHAPTER V.

Package hyperref Warning: bookmark level for unknown chap defaults to 0.


Package hyperref Warning: Token not allowed in a PDFDocEncoded string,
(hyperref)                removing `\<def>-command' on input line 155.


Package hyperref Warning: Token not allowed in a PDFDocEncoded string,
(hyperref)                removing `\f@encoding' on input line 155.


Package hyperref Warning: Token not allowed in a PDFDocEncoded string,
(hyperref)                removing `\<let>-command' on input line 155.


Package hyperref Warning: Token not allowed in a PDFDocEncoded string,
(hyperref)                removing `\<def>-command' on input line 155.


Package hyperref Warning: Token not allowed in a PDFDocEncoded string,
(hyperref)                removing `\f@family' on input line 155.


Package hyperref Warning: Token not allowed in a PDFDocEncoded string,
(hyperref)                removing `\<def>-command' on input line 155.


Package hyperref Warning: Token not allowed in a PDFDocEncoded string,
(hyperref)                removing `\f@series' on input line 155.


Package hyperref Warning: Token not allowed in a PDFDocEncoded string,
(hyperref)                removing `\<def>-command' on input line 155.


Package hyperref Warning: Token not allowed in a PDFDocEncoded string,
(hyperref)                removing `\f@shape' on input line 155.


Package hyperref Warning: Token not allowed in a PDFDocEncoded string,
(hyperref)                removing `\<def>-command' on input line 155.


Package hyperref Warning: Token not allowed in a PDFDocEncoded string,
(hyperref)                removing `\font@name' on input line 155.


Package hyperref Warning: Token not allowed in a PDFDocEncoded string,
(hyperref)                removing `\OT1/cmr/m/n/10' on input line 155.


Package hyperref Warning: Token not allowed in a PDFDocEncoded string,
(hyperref)                removing `\ignorespaces' on input line 155.

(./chap5.tex

LaTeX Warning: Citation `RomeroThesis' on page 54 undefined on input line 26.

) [54

]
CHAPTER VI.

Package hyperref Warning: bookmark level for unknown chap defaults to 0.


Package hyperref Warning: Token not allowed in a PDFDocEncoded string,
(hyperref)                removing `\<def>-command' on input line 159.


Package hyperref Warning: Token not allowed in a PDFDocEncoded string,
(hyperref)                removing `\f@encoding' on input line 159.


Package hyperref Warning: Token not allowed in a PDFDocEncoded string,
(hyperref)                removing `\<let>-command' on input line 159.


Package hyperref Warning: Token not allowed in a PDFDocEncoded string,
(hyperref)                removing `\<def>-command' on input line 159.


Package hyperref Warning: Token not allowed in a PDFDocEncoded string,
(hyperref)                removing `\f@family' on input line 159.


Package hyperref Warning: Token not allowed in a PDFDocEncoded string,
(hyperref)                removing `\<def>-command' on input line 159.


Package hyperref Warning: Token not allowed in a PDFDocEncoded string,
(hyperref)                removing `\f@series' on input line 159.


Package hyperref Warning: Token not allowed in a PDFDocEncoded string,
(hyperref)                removing `\<def>-command' on input line 159.


Package hyperref Warning: Token not allowed in a PDFDocEncoded string,
(hyperref)                removing `\f@shape' on input line 159.


Package hyperref Warning: Token not allowed in a PDFDocEncoded string,
(hyperref)                removing `\<def>-command' on input line 159.


Package hyperref Warning: Token not allowed in a PDFDocEncoded string,
(hyperref)                removing `\font@name' on input line 159.


Package hyperref Warning: Token not allowed in a PDFDocEncoded string,
(hyperref)                removing `\OT1/cmr/m/n/10' on input line 159.


Package hyperref Warning: Token not allowed in a PDFDocEncoded string,
(hyperref)                removing `\ignorespaces' on input line 159.

(./chap6.tex [55

]) [56]
CHAPTER VII.

Package hyperref Warning: bookmark level for unknown chap defaults to 0.


Package hyperref Warning: Token not allowed in a PDFDocEncoded string,
(hyperref)                removing `\<def>-command' on input line 163.


Package hyperref Warning: Token not allowed in a PDFDocEncoded string,
(hyperref)                removing `\f@encoding' on input line 163.


Package hyperref Warning: Token not allowed in a PDFDocEncoded string,
(hyperref)                removing `\<let>-command' on input line 163.


Package hyperref Warning: Token not allowed in a PDFDocEncoded string,
(hyperref)                removing `\<def>-command' on input line 163.


Package hyperref Warning: Token not allowed in a PDFDocEncoded string,
(hyperref)                removing `\f@family' on input line 163.


Package hyperref Warning: Token not allowed in a PDFDocEncoded string,
(hyperref)                removing `\<def>-command' on input line 163.


Package hyperref Warning: Token not allowed in a PDFDocEncoded string,
(hyperref)                removing `\f@series' on input line 163.


Package hyperref Warning: Token not allowed in a PDFDocEncoded string,
(hyperref)                removing `\<def>-command' on input line 163.


Package hyperref Warning: Token not allowed in a PDFDocEncoded string,
(hyperref)                removing `\f@shape' on input line 163.


Package hyperref Warning: Token not allowed in a PDFDocEncoded string,
(hyperref)                removing `\<def>-command' on input line 163.


Package hyperref Warning: Token not allowed in a PDFDocEncoded string,
(hyperref)                removing `\font@name' on input line 163.


Package hyperref Warning: Token not allowed in a PDFDocEncoded string,
(hyperref)                removing `\OT1/cmr/m/n/10' on input line 163.


Package hyperref Warning: Token not allowed in a PDFDocEncoded string,
(hyperref)                removing `\ignorespaces' on input line 163.

(./conclusion.tex [57

]) (./thesis.bbl [58] [59

] [60] [61]
Underfull \hbox (badness 10000) in paragraph at lines 286--292
[]\OT1/cmr/m/n/10 J. Kissel.  Mich and prc cou-pling into darm.  Web:
 []


Underfull \hbox (badness 10000) in paragraph at lines 286--292
\OT1/cmr/m/n/10 http://ilog.ligo-wa.caltech.edu/ilog/pub/ilog.cgi?group=detecto
r&
 []

[62] [63]
Underfull \hbox (badness 2376) in paragraph at lines 452--455
[]\OT1/cmr/m/n/10 The LIGO Sci-en-tific Col-lab-o-ra-tion.  LALApps repos-i-tor
y.  Web: http://www.lsc-
 []

) [64]
Underfull \hbox (badness 10000) in paragraph at lines 179--180

 []

[0] (./thesis.aux)

LaTeX Warning: There were undefined references.

 ) 
Here is how much of TeX's memory you used:
 3776 strings out of 95847
 48954 string characters out of 1195216
 125800 words of memory out of 1000001
 6605 multiletter control sequences out of 10000+50000
 13148 words of font info for 51 fonts, out of 500000 for 1000
 14 hyphenation exceptions out of 1000
 33i,10n,36p,2107b,447s stack positions out of 1500i,500n,5000p,200000b,5000s

Output written on thesis.dvi (73 pages, 288212 bytes).
